[2014-10-27 13:07:21.570] [INFO] traverser - processing request for http://www.lecceprima.it/cronaca/fsdfds
[2014-10-27 13:07:21.573] [INFO] traverser - no data found in redis for http://www.lecceprima.it/cronaca/fsdfds
[2014-10-27 13:07:23.230] [INFO] traverser - http://www.lecceprima.it/cronaca/fsdfds processed in 1656ms
[2014-10-27 13:08:17.850] [INFO] traverser - processing request for http://www.lecceprima.it/cronaca/fsdfds
[2014-10-27 13:08:17.854] [INFO] traverser - http://www.lecceprima.it/cronaca/fsdfds processed from redis in 2ms
[2014-10-27 13:08:45.883] [INFO] traverser - processing request for http://www.lecceprima.it/cronaca/fsdfds
[2014-10-27 13:08:45.884] [INFO] traverser - no data found in redis for http://www.lecceprima.it/cronaca/fsdfds
[2014-10-27 13:08:47.387] [INFO] traverser - http://www.lecceprima.it/cronaca/fsdfds processed in 1503ms
[2014-10-27 13:09:22.709] [INFO] traverser - processing request for http://www.lecceprima.it/cronaca/fsdfds
[2014-10-27 13:09:22.711] [INFO] traverser - no data found in redis for http://www.lecceprima.it/cronaca/fsdfds
[2014-10-27 13:09:23.886] [INFO] traverser - processing request for http://www.lecceprima.it/cronaca/fsdfds
[2014-10-27 13:09:23.888] [INFO] traverser - no data found in redis for http://www.lecceprima.it/cronaca/fsdfds
[2014-10-27 13:09:23.939] [INFO] traverser - http://www.lecceprima.it/cronaca/fsdfds processed in 1226ms
[2014-10-27 13:09:23.939] [ERROR] traverser - traverser got error {"code":404,"message":"got response 404 from http://www.lecceprima.it/cronaca/fsdfds"} for url http://www.lecceprima.it/cronaca/fsdfds
[2014-10-27 13:09:25.120] [INFO] traverser - http://www.lecceprima.it/cronaca/fsdfds processed in 1232ms
[2014-10-27 13:09:25.121] [ERROR] traverser - traverser got error {"code":404,"message":"got response 404 from http://www.lecceprima.it/cronaca/fsdfds"} for url http://www.lecceprima.it/cronaca/fsdfds
[2014-10-27 18:32:01.680] [INFO] traverser - processing request for https://www.cs.utexas.edu/
[2014-10-27 18:32:08.051] [INFO] traverser - no data found in redis for https://www.cs.utexas.edu/
[2014-10-27 18:33:00.168] [INFO] traverser - processing request for https://www.cs.utexas.edu/
[2014-10-27 18:33:06.563] [INFO] traverser - no data found in redis for https://www.cs.utexas.edu/
[2014-10-27 18:33:46.439] [INFO] traverser - https://www.cs.utexas.edu/ processed in 63089ms
[2014-10-27 18:36:07.728] [INFO] traverser - processing request for https://www.cs.utexas.edu/
[2014-10-27 18:36:08.782] [INFO] traverser - no data found in redis for https://www.cs.utexas.edu/
[2014-10-27 18:36:32.415] [INFO] traverser - processing request for https://www.cs.utexas.edu/
[2014-10-27 18:36:33.469] [INFO] traverser - no data found in redis for https://www.cs.utexas.edu/
[2014-10-27 18:37:04.401] [INFO] traverser - processing request for https://www.cs.utexas.edu/
[2014-10-27 18:37:04.403] [INFO] traverser - no data found in redis for https://www.cs.utexas.edu/
[2014-10-27 18:37:37.720] [INFO] traverser - processing request for https://www.cs.utexas.edu/
[2014-10-27 18:37:37.722] [INFO] traverser - no data found in redis for https://www.cs.utexas.edu/
[2014-10-27 18:38:09.622] [INFO] traverser - https://www.cs.utexas.edu/ processed in 8635ms
[2014-10-27 18:40:54.437] [INFO] traverser - processing request for https://www.cs.utexas.edu/
[2014-10-27 18:40:54.440] [INFO] traverser - no data found in redis for https://www.cs.utexas.edu/
[2014-10-27 18:41:01.960] [INFO] traverser - https://www.cs.utexas.edu/ processed in 7506ms
[2014-10-27 18:41:11.802] [INFO] traverser - processing request for http://www.cs.utexas.edu/
[2014-10-27 18:41:11.803] [INFO] traverser - no data found in redis for http://www.cs.utexas.edu/
[2014-10-27 18:41:18.129] [INFO] traverser - http://www.cs.utexas.edu/ processed in 6313ms
